# JRE version: OpenJDK Runtime Environment (8.0_242-b01) (build 1.8.0_242-release-1644-b01)
# Java VM: OpenJDK 64-Bit Server VM (25.242-b01 mixed mode windows-amd64 compressed oops)
Heap:
 PSYoungGen      total 212480K, used 34129K [0x00000000e0000000, 0x00000000ee280000, 0x0000000100000000)
  eden space 195072K, 17% used [0x00000000e0000000,0x00000000e2154770,0x00000000ebe80000)
  from space 17408K, 0% used [0x00000000ecf80000,0x00000000ecf80000,0x00000000ee080000)
  to   space 17408K, 0% used [0x00000000ebe80000,0x00000000ebe80000,0x00000000ecf80000)
 ParOldGen       total 82944K, used 41598K [0x00000000a0000000, 0x00000000a5100000, 0x00000000e0000000)
  object space 82944K, 50% used [0x00000000a0000000,0x00000000a289f8e8,0x00000000a5100000)
 Metaspace       used 57993K, capacity 60298K, committed 60504K, reserved 1101824K
  class space    used 7827K, capacity 8451K, committed 8576K, reserved 1048576K
GC Heap History (10 events):
Event: 14.007 GC heap before
{Heap before GC invocations=11 (full 2):
 PSYoungGen      total 120320K, used 12285K [0x00000000e0000000, 0x00000000eb200000, 0x0000000100000000)
  eden space 108032K, 0% used [0x00000000e0000000,0x00000000e0000000,0x00000000e6980000)
  from space 12288K, 99% used [0x00000000e6980000,0x00000000e757f768,0x00000000e7580000)
  to   space 14336K, 0% used [0x00000000ea400000,0x00000000ea400000,0x00000000eb200000)
 ParOldGen       total 55808K, used 10180K [0x00000000a0000000, 0x00000000a3680000, 0x00000000e0000000)
  object space 55808K, 18% used [0x00000000a0000000,0x00000000a09f12a8,0x00000000a3680000)
 Metaspace       used 34532K, capacity 35358K, committed 35416K, reserved 1079296K
  class space    used 4724K, capacity 4967K, committed 4992K, reserved 1048576K
Event: 14.097 GC heap after
Heap after GC invocations=11 (full 2):
 PSYoungGen      total 120320K, used 0K [0x00000000e0000000, 0x00000000eb200000, 0x0000000100000000)
  eden space 108032K, 0% used [0x00000000e0000000,0x00000000e0000000,0x00000000e6980000)
  from space 12288K, 0% used [0x00000000e6980000,0x00000000e6980000,0x00000000e7580000)
  to   space 14336K, 0% used [0x00000000ea400000,0x00000000ea400000,0x00000000eb200000)
 ParOldGen       total 82944K, used 19746K [0x00000000a0000000, 0x00000000a5100000, 0x00000000e0000000)
  object space 82944K, 23% used [0x00000000a0000000,0x00000000a1348ac0,0x00000000a5100000)
 Metaspace       used 34532K, capacity 35358K, committed 35416K, reserved 1079296K
  class space    used 4724K, capacity 4967K, committed 4992K, reserved 1048576K
}
Event: 16.485 GC heap before
{Heap before GC invocations=12 (full 2):
 PSYoungGen      total 120320K, used 108032K [0x00000000e0000000, 0x00000000eb200000, 0x0000000100000000)
  eden space 108032K, 100% used [0x00000000e0000000,0x00000000e6980000,0x00000000e6980000)
  from space 12288K, 0% used [0x00000000e6980000,0x00000000e6980000,0x00000000e7580000)
  to   space 14336K, 0% used [0x00000000ea400000,0x00000000ea400000,0x00000000eb200000)
 ParOldGen       total 82944K, used 19746K [0x00000000a0000000, 0x00000000a5100000, 0x00000000e0000000)
  object space 82944K, 23% used [0x00000000a0000000,0x00000000a1348ac0,0x00000000a5100000)
 Metaspace       used 43331K, capacity 44646K, committed 44888K, reserved 1087488K
  class space    used 5834K, capacity 6186K, committed 6272K, reserved 1048576K
Event: 16.514 GC heap after
Heap after GC invocations=12 (full 2):
 PSYoungGen      total 158208K, used 12100K [0x00000000e0000000, 0x00000000eb000000, 0x0000000100000000)
  eden space 145920K, 0% used [0x00000000e0000000,0x00000000e0000000,0x00000000e8e80000)
  from space 12288K, 98% used [0x00000000ea400000,0x00000000eafd1108,0x00000000eb000000)
  to   space 15360K, 0% used [0x00000000e9200000,0x00000000e9200000,0x00000000ea100000)
 ParOldGen       total 82944K, used 19754K [0x00000000a0000000, 0x00000000a5100000, 0x00000000e0000000)
  object space 82944K, 23% used [0x00000000a0000000,0x00000000a134aac0,0x00000000a5100000)
 Metaspace       used 43331K, capacity 44646K, committed 44888K, reserved 1087488K
  class space    used 5834K, capacity 6186K, committed 6272K, reserved 1048576K
}
Event: 22.019 GC heap before
{Heap before GC invocations=13 (full 2):
 PSYoungGen      total 158208K, used 158020K [0x00000000e0000000, 0x00000000eb000000, 0x0000000100000000)
  eden space 145920K, 100% used [0x00000000e0000000,0x00000000e8e80000,0x00000000e8e80000)
  from space 12288K, 98% used [0x00000000ea400000,0x00000000eafd1108,0x00000000eb000000)
  to   space 15360K, 0% used [0x00000000e9200000,0x00000000e9200000,0x00000000ea100000)
 ParOldGen       total 82944K, used 19754K [0x00000000a0000000, 0x00000000a5100000, 0x00000000e0000000)
  object space 82944K, 23% used [0x00000000a0000000,0x00000000a134aac0,0x00000000a5100000)
 Metaspace       used 52001K, capacity 53798K, committed 53848K, reserved 1095680K
  class space    used 7025K, capacity 7523K, committed 7552K, reserved 1048576K
Event: 22.075 GC heap after
Heap after GC invocations=13 (full 2):
 PSYoungGen      total 164864K, used 15250K [0x00000000e0000000, 0x00000000ee080000, 0x0000000100000000)
  eden space 149504K, 0% used [0x00000000e0000000,0x00000000e0000000,0x00000000e9200000)
  from space 15360K, 99% used [0x00000000e9200000,0x00000000ea0e4a78,0x00000000ea100000)
  to   space 17408K, 0% used [0x00000000ecf80000,0x00000000ecf80000,0x00000000ee080000)
 ParOldGen       total 82944K, used 26210K [0x00000000a0000000, 0x00000000a5100000, 0x00000000e0000000)
  object space 82944K, 31% used [0x00000000a0000000,0x00000000a1998ae8,0x00000000a5100000)
 Metaspace       used 52001K, capacity 53798K, committed 53848K, reserved 1095680K
  class space    used 7025K, capacity 7523K, committed 7552K, reserved 1048576K
}
Event: 25.853 GC heap before
{Heap before GC invocations=14 (full 2):
 PSYoungGen      total 164864K, used 129910K [0x00000000e0000000, 0x00000000ee080000, 0x0000000100000000)
  eden space 149504K, 76% used [0x00000000e0000000,0x00000000e6ff8df8,0x00000000e9200000)
  from space 15360K, 99% used [0x00000000e9200000,0x00000000ea0e4a78,0x00000000ea100000)
  to   space 17408K, 0% used [0x00000000ecf80000,0x00000000ecf80000,0x00000000ee080000)
 ParOldGen       total 82944K, used 26210K [0x00000000a0000000, 0x00000000a5100000, 0x00000000e0000000)
  object space 82944K, 31% used [0x00000000a0000000,0x00000000a1998ae8,0x00000000a5100000)
 Metaspace       used 56511K, capacity 58838K, committed 58968K, reserved 1099776K
  class space    used 7636K, capacity 8246K, committed 8320K, reserved 1048576K
Event: 25.879 GC heap after
Heap after GC invocations=14 (full 2):
 PSYoungGen      total 212480K, used 11092K [0x00000000e0000000, 0x00000000ee280000, 0x0000000100000000)
  eden space 195072K, 0% used [0x00000000e0000000,0x00000000e0000000,0x00000000ebe80000)
  from space 17408K, 63% used [0x00000000ecf80000,0x00000000eda55020,0x00000000ee080000)
  to   space 17408K, 0% used [0x00000000ebe80000,0x00000000ebe80000,0x00000000ecf80000)
 ParOldGen       total 82944K, used 34106K [0x00000000a0000000, 0x00000000a5100000, 0x00000000e0000000)
  object space 82944K, 41% used [0x00000000a0000000,0x00000000a214ea08,0x00000000a5100000)
 Metaspace       used 56511K, capacity 58838K, committed 58968K, reserved 1099776K
  class space    used 7636K, capacity 8246K, committed 8320K, reserved 1048576K
}
Event: 25.879 GC heap before
{Heap before GC invocations=15 (full 3):
 PSYoungGen      total 212480K, used 11092K [0x00000000e0000000, 0x00000000ee280000, 0x0000000100000000)
  eden space 195072K, 0% used [0x00000000e0000000,0x00000000e0000000,0x00000000ebe80000)
  from space 17408K, 63% used [0x00000000ecf80000,0x00000000eda55020,0x00000000ee080000)
  to   space 17408K, 0% used [0x00000000ebe80000,0x00000000ebe80000,0x00000000ecf80000)
 ParOldGen       total 82944K, used 34106K [0x00000000a0000000, 0x00000000a5100000, 0x00000000e0000000)
  object space 82944K, 41% used [0x00000000a0000000,0x00000000a214ea08,0x00000000a5100000)
 Metaspace       used 56511K, capacity 58838K, committed 58968K, reserved 1099776K
  class space    used 7636K, capacity 8246K, committed 8320K, reserved 1048576K
Event: 26.229 GC heap after
Heap after GC invocations=15 (full 3):
 PSYoungGen      total 212480K, used 0K [0x00000000e0000000, 0x00000000ee280000, 0x0000000100000000)
  eden space 195072K, 0% used [0x00000000e0000000,0x00000000e0000000,0x00000000ebe80000)
  from space 17408K, 0% used [0x00000000ecf80000,0x00000000ecf80000,0x00000000ee080000)
  to   space 17408K, 0% used [0x00000000ebe80000,0x00000000ebe80000,0x00000000ecf80000)
 ParOldGen       total 82944K, used 41598K [0x00000000a0000000, 0x00000000a5100000, 0x00000000e0000000)
  object space 82944K, 50% used [0x00000000a0000000,0x00000000a289f8e8,0x00000000a5100000)
 Metaspace       used 56511K, capacity 58838K, committed 58968K, reserved 1099776K
  class space    used 7636K, capacity 8246K, committed 8320K, reserved 1048576K
}

