# JRE version: OpenJDK Runtime Environment (8.0_242-b01) (build 1.8.0_242-release-1644-b01)
# Java VM: OpenJDK 64-Bit Server VM (25.242-b01 mixed mode windows-amd64 compressed oops)
Heap:
 PSYoungGen      total 450560K, used 384942K [0x00000000e0000000, 0x0000000100000000, 0x0000000100000000)
  eden space 402432K, 83% used [0x00000000e0000000,0x00000000f494ae00,0x00000000f8900000)
  from space 48128K, 99% used [0x00000000fd100000,0x00000000fffa0ab8,0x0000000100000000)
  to   space 60928K, 0% used [0x00000000f8900000,0x00000000f8900000,0x00000000fc480000)
 ParOldGen       total 493056K, used 346942K [0x00000000a0000000, 0x00000000be180000, 0x00000000e0000000)
  object space 493056K, 70% used [0x00000000a0000000,0x00000000b52cfb48,0x00000000be180000)
 Metaspace       used 112133K, capacity 121362K, committed 121384K, reserved 1155072K
  class space    used 14455K, capacity 16423K, committed 16432K, reserved 1048576K
GC Heap History (10 events):
Event: 4484.590 GC heap before
{Heap before GC invocations=81 (full 8):
 PSYoungGen      total 493568K, used 483837K [0x00000000e0000000, 0x0000000100000000, 0x0000000100000000)
  eden space 463872K, 100% used [0x00000000e0000000,0x00000000fc500000,0x00000000fc500000)
  from space 29696K, 67% used [0x00000000fe300000,0x00000000ff67f560,0x0000000100000000)
  to   space 30208K, 0% used [0x00000000fc500000,0x00000000fc500000,0x00000000fe280000)
 ParOldGen       total 418816K, used 321957K [0x00000000a0000000, 0x00000000b9900000, 0x00000000e0000000)
  object space 418816K, 76% used [0x00000000a0000000,0x00000000b3a69630,0x00000000b9900000)
 Metaspace       used 111360K, capacity 120540K, committed 120616K, reserved 1153024K
  class space    used 14431K, capacity 16388K, committed 16432K, reserved 1048576K
Event: 4484.647 GC heap after
Heap after GC invocations=81 (full 8):
 PSYoungGen      total 488960K, used 24847K [0x00000000e0000000, 0x0000000100000000, 0x0000000100000000)
  eden space 463872K, 0% used [0x00000000e0000000,0x00000000e0000000,0x00000000fc500000)
  from space 25088K, 99% used [0x00000000fc500000,0x00000000fdd43f00,0x00000000fdd80000)
  to   space 31744K, 0% used [0x00000000fe100000,0x00000000fe100000,0x0000000100000000)
 ParOldGen       total 418816K, used 330986K [0x00000000a0000000, 0x00000000b9900000, 0x00000000e0000000)
  object space 418816K, 79% used [0x00000000a0000000,0x00000000b433aa98,0x00000000b9900000)
 Metaspace       used 111360K, capacity 120540K, committed 120616K, reserved 1153024K
  class space    used 14431K, capacity 16388K, committed 16432K, reserved 1048576K
}
Event: 4491.198 GC heap before
{Heap before GC invocations=82 (full 8):
 PSYoungGen      total 488960K, used 486730K [0x00000000e0000000, 0x0000000100000000, 0x0000000100000000)
  eden space 463872K, 99% used [0x00000000e0000000,0x00000000fc30ec40,0x00000000fc500000)
  from space 25088K, 99% used [0x00000000fc500000,0x00000000fdd43f00,0x00000000fdd80000)
  to   space 31744K, 0% used [0x00000000fe100000,0x00000000fe100000,0x0000000100000000)
 ParOldGen       total 418816K, used 330986K [0x00000000a0000000, 0x00000000b9900000, 0x00000000e0000000)
  object space 418816K, 79% used [0x00000000a0000000,0x00000000b433aa98,0x00000000b9900000)
 Metaspace       used 111500K, capacity 120716K, committed 120872K, reserved 1153024K
  class space    used 14442K, capacity 16404K, committed 16432K, reserved 1048576K
Event: 4491.225 GC heap after
Heap after GC invocations=82 (full 8):
 PSYoungGen      total 459776K, used 31712K [0x00000000e0000000, 0x0000000100000000, 0x0000000100000000)
  eden space 428032K, 0% used [0x00000000e0000000,0x00000000e0000000,0x00000000fa200000)
  from space 31744K, 99% used [0x00000000fe100000,0x00000000ffff83a0,0x0000000100000000)
  to   space 48128K, 0% used [0x00000000fa200000,0x00000000fa200000,0x00000000fd100000)
 ParOldGen       total 418816K, used 364259K [0x00000000a0000000, 0x00000000b9900000, 0x00000000e0000000)
  object space 418816K, 86% used [0x00000000a0000000,0x00000000b63b8cc8,0x00000000b9900000)
 Metaspace       used 111500K, capacity 120716K, committed 120872K, reserved 1153024K
  class space    used 14442K, capacity 16404K, committed 16432K, reserved 1048576K
}
Event: 4493.295 GC heap before
{Heap before GC invocations=83 (full 8):
 PSYoungGen      total 459776K, used 450636K [0x00000000e0000000, 0x0000000100000000, 0x0000000100000000)
  eden space 428032K, 97% used [0x00000000e0000000,0x00000000f991af68,0x00000000fa200000)
  from space 31744K, 99% used [0x00000000fe100000,0x00000000ffff83a0,0x0000000100000000)
  to   space 48128K, 0% used [0x00000000fa200000,0x00000000fa200000,0x00000000fd100000)
 ParOldGen       total 418816K, used 364259K [0x00000000a0000000, 0x00000000b9900000, 0x00000000e0000000)
  object space 418816K, 86% used [0x00000000a0000000,0x00000000b63b8cc8,0x00000000b9900000)
 Metaspace       used 111502K, capacity 120722K, committed 120872K, reserved 1153024K
  class space    used 14442K, capacity 16405K, committed 16432K, reserved 1048576K
Event: 4493.318 GC heap after
Heap after GC invocations=83 (full 8):
 PSYoungGen      total 476160K, used 47718K [0x00000000e0000000, 0x0000000100000000, 0x0000000100000000)
  eden space 428032K, 0% used [0x00000000e0000000,0x00000000e0000000,0x00000000fa200000)
  from space 48128K, 99% used [0x00000000fa200000,0x00000000fd099920,0x00000000fd100000)
  to   space 48128K, 0% used [0x00000000fd100000,0x00000000fd100000,0x0000000100000000)
 ParOldGen       total 418816K, used 408115K [0x00000000a0000000, 0x00000000b9900000, 0x00000000e0000000)
  object space 418816K, 97% used [0x00000000a0000000,0x00000000b8e8ce00,0x00000000b9900000)
 Metaspace       used 111502K, capacity 120722K, committed 120872K, reserved 1153024K
  class space    used 14442K, capacity 16405K, committed 16432K, reserved 1048576K
}
Event: 4493.318 GC heap before
{Heap before GC invocations=84 (full 9):
 PSYoungGen      total 476160K, used 47718K [0x00000000e0000000, 0x0000000100000000, 0x0000000100000000)
  eden space 428032K, 0% used [0x00000000e0000000,0x00000000e0000000,0x00000000fa200000)
  from space 48128K, 99% used [0x00000000fa200000,0x00000000fd099920,0x00000000fd100000)
  to   space 48128K, 0% used [0x00000000fd100000,0x00000000fd100000,0x0000000100000000)
 ParOldGen       total 418816K, used 408115K [0x00000000a0000000, 0x00000000b9900000, 0x00000000e0000000)
  object space 418816K, 97% used [0x00000000a0000000,0x00000000b8e8ce00,0x00000000b9900000)
 Metaspace       used 111502K, capacity 120722K, committed 120872K, reserved 1153024K
  class space    used 14442K, capacity 16405K, committed 16432K, reserved 1048576K
Event: 4493.820 GC heap after
Heap after GC invocations=84 (full 9):
 PSYoungGen      total 476160K, used 0K [0x00000000e0000000, 0x0000000100000000, 0x0000000100000000)
  eden space 428032K, 0% used [0x00000000e0000000,0x00000000e0000000,0x00000000fa200000)
  from space 48128K, 0% used [0x00000000fa200000,0x00000000fa200000,0x00000000fd100000)
  to   space 48128K, 0% used [0x00000000fd100000,0x00000000fd100000,0x0000000100000000)
 ParOldGen       total 493056K, used 273963K [0x00000000a0000000, 0x00000000be180000, 0x00000000e0000000)
  object space 493056K, 55% used [0x00000000a0000000,0x00000000b0b8ae68,0x00000000be180000)
 Metaspace       used 111502K, capacity 120722K, committed 120872K, reserved 1153024K
  class space    used 14442K, capacity 16405K, committed 16432K, reserved 1048576K
}
Event: 5162.946 GC heap before
{Heap before GC invocations=85 (full 9):
 PSYoungGen      total 476160K, used 428032K [0x00000000e0000000, 0x0000000100000000, 0x0000000100000000)
  eden space 428032K, 100% used [0x00000000e0000000,0x00000000fa200000,0x00000000fa200000)
  from space 48128K, 0% used [0x00000000fa200000,0x00000000fa200000,0x00000000fd100000)
  to   space 48128K, 0% used [0x00000000fd100000,0x00000000fd100000,0x0000000100000000)
 ParOldGen       total 493056K, used 273963K [0x00000000a0000000, 0x00000000be180000, 0x00000000e0000000)
  object space 493056K, 55% used [0x00000000a0000000,0x00000000b0b8ae68,0x00000000be180000)
 Metaspace       used 111701K, capacity 120944K, committed 121128K, reserved 1155072K
  class space    used 14447K, capacity 16410K, committed 16432K, reserved 1048576K
Event: 5164.138 GC heap after
Heap after GC invocations=85 (full 9):
 PSYoungGen      total 450560K, used 47746K [0x00000000e0000000, 0x0000000100000000, 0x0000000100000000)
  eden space 402432K, 0% used [0x00000000e0000000,0x00000000e0000000,0x00000000f8900000)
  from space 48128K, 99% used [0x00000000fd100000,0x00000000fffa0ab8,0x0000000100000000)
  to   space 60928K, 0% used [0x00000000f8900000,0x00000000f8900000,0x00000000fc480000)
 ParOldGen       total 493056K, used 346942K [0x00000000a0000000, 0x00000000be180000, 0x00000000e0000000)
  object space 493056K, 70% used [0x00000000a0000000,0x00000000b52cfb48,0x00000000be180000)
 Metaspace       used 111701K, capacity 120944K, committed 121128K, reserved 1155072K
  class space    used 14447K, capacity 16410K, committed 16432K, reserved 1048576K
}

