# JRE version: OpenJDK Runtime Environment (8.0_242-b01) (build 1.8.0_242-release-1644-b01)
# Java VM: OpenJDK 64-Bit Server VM (25.242-b01 mixed mode windows-amd64 compressed oops)
Heap:
 PSYoungGen      total 201728K, used 180992K [0x00000000e0000000, 0x00000000ee180000, 0x0000000100000000)
  eden space 182784K, 99% used [0x00000000e0000000,0x00000000eb0c0258,0x00000000eb280000)
  from space 18944K, 0% used [0x00000000ec480000,0x00000000ec480000,0x00000000ed700000)
  to   space 18432K, 0% used [0x00000000eb280000,0x00000000eb280000,0x00000000ec480000)
 ParOldGen       total 134656K, used 39210K [0x00000000a0000000, 0x00000000a8380000, 0x00000000e0000000)
  object space 134656K, 29% used [0x00000000a0000000,0x00000000a264aac0,0x00000000a8380000)
 Metaspace       used 62912K, capacity 65612K, committed 65752K, reserved 1105920K
  class space    used 8474K, capacity 9180K, committed 9216K, reserved 1048576K
GC Heap History (10 events):
Event: 10.880 GC heap before
{Heap before GC invocations=11 (full 2):
 PSYoungGen      total 119296K, used 12278K [0x00000000e0000000, 0x00000000eae80000, 0x0000000100000000)
  eden space 107008K, 0% used [0x00000000e0000000,0x00000000e0000000,0x00000000e6880000)
  from space 12288K, 99% used [0x00000000e6880000,0x00000000e747db10,0x00000000e7480000)
  to   space 13824K, 0% used [0x00000000ea100000,0x00000000ea100000,0x00000000eae80000)
 ParOldGen       total 56320K, used 9528K [0x00000000a0000000, 0x00000000a3700000, 0x00000000e0000000)
  object space 56320K, 16% used [0x00000000a0000000,0x00000000a094e030,0x00000000a3700000)
 Metaspace       used 34510K, capacity 35362K, committed 35416K, reserved 1079296K
  class space    used 4717K, capacity 4964K, committed 4992K, reserved 1048576K
Event: 10.957 GC heap after
Heap after GC invocations=11 (full 2):
 PSYoungGen      total 119296K, used 0K [0x00000000e0000000, 0x00000000eae80000, 0x0000000100000000)
  eden space 107008K, 0% used [0x00000000e0000000,0x00000000e0000000,0x00000000e6880000)
  from space 12288K, 0% used [0x00000000e6880000,0x00000000e6880000,0x00000000e7480000)
  to   space 13824K, 0% used [0x00000000ea100000,0x00000000ea100000,0x00000000eae80000)
 ParOldGen       total 85504K, used 19046K [0x00000000a0000000, 0x00000000a5380000, 0x00000000e0000000)
  object space 85504K, 22% used [0x00000000a0000000,0x00000000a1299b18,0x00000000a5380000)
 Metaspace       used 34505K, capacity 35344K, committed 35416K, reserved 1079296K
  class space    used 4716K, capacity 4961K, committed 4992K, reserved 1048576K
}
Event: 14.544 GC heap before
{Heap before GC invocations=12 (full 2):
 PSYoungGen      total 119296K, used 107008K [0x00000000e0000000, 0x00000000eae80000, 0x0000000100000000)
  eden space 107008K, 100% used [0x00000000e0000000,0x00000000e6880000,0x00000000e6880000)
  from space 12288K, 0% used [0x00000000e6880000,0x00000000e6880000,0x00000000e7480000)
  to   space 13824K, 0% used [0x00000000ea100000,0x00000000ea100000,0x00000000eae80000)
 ParOldGen       total 85504K, used 19046K [0x00000000a0000000, 0x00000000a5380000, 0x00000000e0000000)
  object space 85504K, 22% used [0x00000000a0000000,0x00000000a1299b18,0x00000000a5380000)
 Metaspace       used 44300K, capacity 45502K, committed 45656K, reserved 1089536K
  class space    used 5932K, capacity 6258K, committed 6272K, reserved 1048576K
Event: 14.561 GC heap after
Heap after GC invocations=12 (full 2):
 PSYoungGen      total 151040K, used 11541K [0x00000000e0000000, 0x00000000eac80000, 0x0000000100000000)
  eden space 139264K, 0% used [0x00000000e0000000,0x00000000e0000000,0x00000000e8800000)
  from space 11776K, 98% used [0x00000000ea100000,0x00000000eac45508,0x00000000eac80000)
  to   space 14848K, 0% used [0x00000000e8f80000,0x00000000e8f80000,0x00000000e9e00000)
 ParOldGen       total 85504K, used 19118K [0x00000000a0000000, 0x00000000a5380000, 0x00000000e0000000)
  object space 85504K, 22% used [0x00000000a0000000,0x00000000a12abb28,0x00000000a5380000)
 Metaspace       used 44300K, capacity 45502K, committed 45656K, reserved 1089536K
  class space    used 5932K, capacity 6258K, committed 6272K, reserved 1048576K
}
Event: 17.106 GC heap before
{Heap before GC invocations=13 (full 2):
 PSYoungGen      total 151040K, used 150805K [0x00000000e0000000, 0x00000000eac80000, 0x0000000100000000)
  eden space 139264K, 100% used [0x00000000e0000000,0x00000000e8800000,0x00000000e8800000)
  from space 11776K, 98% used [0x00000000ea100000,0x00000000eac45508,0x00000000eac80000)
  to   space 14848K, 0% used [0x00000000e8f80000,0x00000000e8f80000,0x00000000e9e00000)
 ParOldGen       total 85504K, used 19118K [0x00000000a0000000, 0x00000000a5380000, 0x00000000e0000000)
  object space 85504K, 22% used [0x00000000a0000000,0x00000000a12abb28,0x00000000a5380000)
 Metaspace       used 51902K, capacity 53498K, committed 53720K, reserved 1095680K
  class space    used 6897K, capacity 7315K, committed 7424K, reserved 1048576K
Event: 17.145 GC heap after
Heap after GC invocations=13 (full 2):
 PSYoungGen      total 161792K, used 14845K [0x00000000e0000000, 0x00000000ed700000, 0x0000000100000000)
  eden space 146944K, 0% used [0x00000000e0000000,0x00000000e0000000,0x00000000e8f80000)
  from space 14848K, 99% used [0x00000000e8f80000,0x00000000e9dff590,0x00000000e9e00000)
  to   space 18944K, 0% used [0x00000000ec480000,0x00000000ec480000,0x00000000ed700000)
 ParOldGen       total 85504K, used 25970K [0x00000000a0000000, 0x00000000a5380000, 0x00000000e0000000)
  object space 85504K, 30% used [0x00000000a0000000,0x00000000a195c9c8,0x00000000a5380000)
 Metaspace       used 51902K, capacity 53498K, committed 53720K, reserved 1095680K
  class space    used 6897K, capacity 7315K, committed 7424K, reserved 1048576K
}
Event: 18.890 GC heap before
{Heap before GC invocations=14 (full 2):
 PSYoungGen      total 161792K, used 89860K [0x00000000e0000000, 0x00000000ed700000, 0x0000000100000000)
  eden space 146944K, 51% used [0x00000000e0000000,0x00000000e4941b00,0x00000000e8f80000)
  from space 14848K, 99% used [0x00000000e8f80000,0x00000000e9dff590,0x00000000e9e00000)
  to   space 18944K, 0% used [0x00000000ec480000,0x00000000ec480000,0x00000000ed700000)
 ParOldGen       total 85504K, used 25970K [0x00000000a0000000, 0x00000000a5380000, 0x00000000e0000000)
  object space 85504K, 30% used [0x00000000a0000000,0x00000000a195c9c8,0x00000000a5380000)
 Metaspace       used 56913K, capacity 58806K, committed 58968K, reserved 1099776K
  class space    used 7690K, capacity 8210K, committed 8320K, reserved 1048576K
Event: 18.919 GC heap after
Heap after GC invocations=14 (full 2):
 PSYoungGen      total 201728K, used 8201K [0x00000000e0000000, 0x00000000ee180000, 0x0000000100000000)
  eden space 182784K, 0% used [0x00000000e0000000,0x00000000e0000000,0x00000000eb280000)
  from space 18944K, 43% used [0x00000000ec480000,0x00000000ecc82568,0x00000000ed700000)
  to   space 18432K, 0% used [0x00000000eb280000,0x00000000eb280000,0x00000000ec480000)
 ParOldGen       total 85504K, used 40775K [0x00000000a0000000, 0x00000000a5380000, 0x00000000e0000000)
  object space 85504K, 47% used [0x00000000a0000000,0x00000000a27d1fa0,0x00000000a5380000)
 Metaspace       used 56913K, capacity 58806K, committed 58968K, reserved 1099776K
  class space    used 7690K, capacity 8210K, committed 8320K, reserved 1048576K
}
Event: 18.919 GC heap before
{Heap before GC invocations=15 (full 3):
 PSYoungGen      total 201728K, used 8201K [0x00000000e0000000, 0x00000000ee180000, 0x0000000100000000)
  eden space 182784K, 0% used [0x00000000e0000000,0x00000000e0000000,0x00000000eb280000)
  from space 18944K, 43% used [0x00000000ec480000,0x00000000ecc82568,0x00000000ed700000)
  to   space 18432K, 0% used [0x00000000eb280000,0x00000000eb280000,0x00000000ec480000)
 ParOldGen       total 85504K, used 40775K [0x00000000a0000000, 0x00000000a5380000, 0x00000000e0000000)
  object space 85504K, 47% used [0x00000000a0000000,0x00000000a27d1fa0,0x00000000a5380000)
 Metaspace       used 56913K, capacity 58806K, committed 58968K, reserved 1099776K
  class space    used 7690K, capacity 8210K, committed 8320K, reserved 1048576K
Event: 19.189 GC heap after
Heap after GC invocations=15 (full 3):
 PSYoungGen      total 201728K, used 0K [0x00000000e0000000, 0x00000000ee180000, 0x0000000100000000)
  eden space 182784K, 0% used [0x00000000e0000000,0x00000000e0000000,0x00000000eb280000)
  from space 18944K, 0% used [0x00000000ec480000,0x00000000ec480000,0x00000000ed700000)
  to   space 18432K, 0% used [0x00000000eb280000,0x00000000eb280000,0x00000000ec480000)
 ParOldGen       total 134656K, used 39210K [0x00000000a0000000, 0x00000000a8380000, 0x00000000e0000000)
  object space 134656K, 29% used [0x00000000a0000000,0x00000000a264aac0,0x00000000a8380000)
 Metaspace       used 56913K, capacity 58806K, committed 58968K, reserved 1099776K
  class space    used 7690K, capacity 8210K, committed 8320K, reserved 1048576K
}

