# JRE version: OpenJDK Runtime Environment (8.0_242-b01) (build 1.8.0_242-release-1644-b01)
# Java VM: OpenJDK 64-Bit Server VM (25.242-b01 mixed mode windows-amd64 compressed oops)
Heap:
 PSYoungGen      total 115712K, used 43213K [0x00000000e0000000, 0x00000000ea700000, 0x0000000100000000)
  eden space 103424K, 41% used [0x00000000e0000000,0x00000000e2a335c8,0x00000000e6500000)
  from space 12288K, 0% used [0x00000000e6500000,0x00000000e6500000,0x00000000e7100000)
  to   space 14336K, 0% used [0x00000000e9900000,0x00000000e9900000,0x00000000ea700000)
 ParOldGen       total 89088K, used 19745K [0x00000000a0000000, 0x00000000a5700000, 0x00000000e0000000)
  object space 89088K, 22% used [0x00000000a0000000,0x00000000a1348570,0x00000000a5700000)
 Metaspace       used 37063K, capacity 38158K, committed 38488K, reserved 1083392K
  class space    used 5061K, capacity 5381K, committed 5504K, reserved 1048576K
GC Heap History (10 events):
Event: 5.665 GC heap before
{Heap before GC invocations=7 (full 1):
 PSYoungGen      total 74752K, used 9115K [0x00000000e0000000, 0x00000000e5600000, 0x0000000100000000)
  eden space 64512K, 0% used [0x00000000e0000000,0x00000000e0000000,0x00000000e3f00000)
  from space 10240K, 89% used [0x00000000e4a00000,0x00000000e52e6e90,0x00000000e5400000)
  to   space 11264K, 0% used [0x00000000e3f00000,0x00000000e3f00000,0x00000000e4a00000)
 ParOldGen       total 86016K, used 6469K [0x00000000a0000000, 0x00000000a5400000, 0x00000000e0000000)
  object space 86016K, 7% used [0x00000000a0000000,0x00000000a06517b0,0x00000000a5400000)
 Metaspace       used 20680K, capacity 21014K, committed 21248K, reserved 1067008K
  class space    used 2911K, capacity 3049K, committed 3072K, reserved 1048576K
Event: 5.713 GC heap after
Heap after GC invocations=7 (full 1):
 PSYoungGen      total 74752K, used 0K [0x00000000e0000000, 0x00000000e5600000, 0x0000000100000000)
  eden space 64512K, 0% used [0x00000000e0000000,0x00000000e0000000,0x00000000e3f00000)
  from space 10240K, 0% used [0x00000000e4a00000,0x00000000e4a00000,0x00000000e5400000)
  to   space 11264K, 0% used [0x00000000e3f00000,0x00000000e3f00000,0x00000000e4a00000)
 ParOldGen       total 57856K, used 9477K [0x00000000a0000000, 0x00000000a3880000, 0x00000000e0000000)
  object space 57856K, 16% used [0x00000000a0000000,0x00000000a09415e0,0x00000000a3880000)
 Metaspace       used 20680K, capacity 21014K, committed 21248K, reserved 1067008K
  class space    used 2911K, capacity 3049K, committed 3072K, reserved 1048576K
}
Event: 7.755 GC heap before
{Heap before GC invocations=8 (full 1):
 PSYoungGen      total 74752K, used 64512K [0x00000000e0000000, 0x00000000e5600000, 0x0000000100000000)
  eden space 64512K, 100% used [0x00000000e0000000,0x00000000e3f00000,0x00000000e3f00000)
  from space 10240K, 0% used [0x00000000e4a00000,0x00000000e4a00000,0x00000000e5400000)
  to   space 11264K, 0% used [0x00000000e3f00000,0x00000000e3f00000,0x00000000e4a00000)
 ParOldGen       total 57856K, used 9477K [0x00000000a0000000, 0x00000000a3880000, 0x00000000e0000000)
  object space 57856K, 16% used [0x00000000a0000000,0x00000000a09415e0,0x00000000a3880000)
 Metaspace       used 27901K, capacity 28370K, committed 28672K, reserved 1073152K
  class space    used 3789K, capacity 3975K, committed 4096K, reserved 1048576K
Event: 7.767 GC heap after
Heap after GC invocations=8 (full 1):
 PSYoungGen      total 75776K, used 8600K [0x00000000e0000000, 0x00000000e7c80000, 0x0000000100000000)
  eden space 64512K, 0% used [0x00000000e0000000,0x00000000e0000000,0x00000000e3f00000)
  from space 11264K, 76% used [0x00000000e3f00000,0x00000000e47663c0,0x00000000e4a00000)
  to   space 11776K, 0% used [0x00000000e7100000,0x00000000e7100000,0x00000000e7c80000)
 ParOldGen       total 57856K, used 9485K [0x00000000a0000000, 0x00000000a3880000, 0x00000000e0000000)
  object space 57856K, 16% used [0x00000000a0000000,0x00000000a09435e0,0x00000000a3880000)
 Metaspace       used 27901K, capacity 28370K, committed 28672K, reserved 1073152K
  class space    used 3789K, capacity 3975K, committed 4096K, reserved 1048576K
}
Event: 8.728 GC heap before
{Heap before GC invocations=9 (full 1):
 PSYoungGen      total 75776K, used 73112K [0x00000000e0000000, 0x00000000e7c80000, 0x0000000100000000)
  eden space 64512K, 100% used [0x00000000e0000000,0x00000000e3f00000,0x00000000e3f00000)
  from space 11264K, 76% used [0x00000000e3f00000,0x00000000e47663c0,0x00000000e4a00000)
  to   space 11776K, 0% used [0x00000000e7100000,0x00000000e7100000,0x00000000e7c80000)
 ParOldGen       total 57856K, used 9485K [0x00000000a0000000, 0x00000000a3880000, 0x00000000e0000000)
  object space 57856K, 16% used [0x00000000a0000000,0x00000000a09435e0,0x00000000a3880000)
 Metaspace       used 31169K, capacity 31632K, committed 31872K, reserved 1077248K
  class space    used 4249K, capacity 4401K, committed 4480K, reserved 1048576K
Event: 8.751 GC heap after
Heap after GC invocations=9 (full 1):
 PSYoungGen      total 115200K, used 9163K [0x00000000e0000000, 0x00000000e8000000, 0x0000000100000000)
  eden space 103424K, 0% used [0x00000000e0000000,0x00000000e0000000,0x00000000e6500000)
  from space 11776K, 77% used [0x00000000e7100000,0x00000000e79f2de8,0x00000000e7c80000)
  to   space 12288K, 0% used [0x00000000e6500000,0x00000000e6500000,0x00000000e7100000)
 ParOldGen       total 57856K, used 9493K [0x00000000a0000000, 0x00000000a3880000, 0x00000000e0000000)
  object space 57856K, 16% used [0x00000000a0000000,0x00000000a09455e0,0x00000000a3880000)
 Metaspace       used 31169K, capacity 31632K, committed 31872K, reserved 1077248K
  class space    used 4249K, capacity 4401K, committed 4480K, reserved 1048576K
}
Event: 10.723 GC heap before
{Heap before GC invocations=10 (full 1):
 PSYoungGen      total 115200K, used 88981K [0x00000000e0000000, 0x00000000e8000000, 0x0000000100000000)
  eden space 103424K, 77% used [0x00000000e0000000,0x00000000e4df27c8,0x00000000e6500000)
  from space 11776K, 77% used [0x00000000e7100000,0x00000000e79f2de8,0x00000000e7c80000)
  to   space 12288K, 0% used [0x00000000e6500000,0x00000000e6500000,0x00000000e7100000)
 ParOldGen       total 57856K, used 9493K [0x00000000a0000000, 0x00000000a3880000, 0x00000000e0000000)
  object space 57856K, 16% used [0x00000000a0000000,0x00000000a09455e0,0x00000000a3880000)
 Metaspace       used 34543K, capacity 35382K, committed 35416K, reserved 1079296K
  class space    used 4725K, capacity 4971K, committed 4992K, reserved 1048576K
Event: 10.737 GC heap after
Heap after GC invocations=10 (full 1):
 PSYoungGen      total 115712K, used 12282K [0x00000000e0000000, 0x00000000ea700000, 0x0000000100000000)
  eden space 103424K, 0% used [0x00000000e0000000,0x00000000e0000000,0x00000000e6500000)
  from space 12288K, 99% used [0x00000000e6500000,0x00000000e70fe920,0x00000000e7100000)
  to   space 14336K, 0% used [0x00000000e9900000,0x00000000e9900000,0x00000000ea700000)
 ParOldGen       total 57856K, used 10231K [0x00000000a0000000, 0x00000000a3880000, 0x00000000e0000000)
  object space 57856K, 17% used [0x00000000a0000000,0x00000000a09fdce8,0x00000000a3880000)
 Metaspace       used 34543K, capacity 35382K, committed 35416K, reserved 1079296K
  class space    used 4725K, capacity 4971K, committed 4992K, reserved 1048576K
}
Event: 10.738 GC heap before
{Heap before GC invocations=11 (full 2):
 PSYoungGen      total 115712K, used 12282K [0x00000000e0000000, 0x00000000ea700000, 0x0000000100000000)
  eden space 103424K, 0% used [0x00000000e0000000,0x00000000e0000000,0x00000000e6500000)
  from space 12288K, 99% used [0x00000000e6500000,0x00000000e70fe920,0x00000000e7100000)
  to   space 14336K, 0% used [0x00000000e9900000,0x00000000e9900000,0x00000000ea700000)
 ParOldGen       total 57856K, used 10231K [0x00000000a0000000, 0x00000000a3880000, 0x00000000e0000000)
  object space 57856K, 17% used [0x00000000a0000000,0x00000000a09fdce8,0x00000000a3880000)
 Metaspace       used 34543K, capacity 35382K, committed 35416K, reserved 1079296K
  class space    used 4725K, capacity 4971K, committed 4992K, reserved 1048576K
Event: 10.822 GC heap after
Heap after GC invocations=11 (full 2):
 PSYoungGen      total 115712K, used 0K [0x00000000e0000000, 0x00000000ea700000, 0x0000000100000000)
  eden space 103424K, 0% used [0x00000000e0000000,0x00000000e0000000,0x00000000e6500000)
  from space 12288K, 0% used [0x00000000e6500000,0x00000000e6500000,0x00000000e7100000)
  to   space 14336K, 0% used [0x00000000e9900000,0x00000000e9900000,0x00000000ea700000)
 ParOldGen       total 89088K, used 19745K [0x00000000a0000000, 0x00000000a5700000, 0x00000000e0000000)
  object space 89088K, 22% used [0x00000000a0000000,0x00000000a1348570,0x00000000a5700000)
 Metaspace       used 34535K, capacity 35358K, committed 35416K, reserved 1079296K
  class space    used 4723K, capacity 4967K, committed 4992K, reserved 1048576K
}

