# JRE version: OpenJDK Runtime Environment (8.0_242-b01) (build 1.8.0_242-release-1644-b01)
# Java VM: OpenJDK 64-Bit Server VM (25.242-b01 mixed mode windows-amd64 compressed oops)
Heap:
 PSYoungGen      total 162816K, used 31734K [0x00000000e0000000, 0x00000000eb880000, 0x0000000100000000)
  eden space 148480K, 11% used [0x00000000e0000000,0x00000000e11001c8,0x00000000e9100000)
  from space 14336K, 99% used [0x00000000eaa80000,0x00000000eb87d960,0x00000000eb880000)
  to   space 16384K, 0% used [0x00000000e9880000,0x00000000e9880000,0x00000000ea880000)
 ParOldGen       total 143872K, used 80370K [0x00000000a0000000, 0x00000000a8c80000, 0x00000000e0000000)
  object space 143872K, 55% used [0x00000000a0000000,0x00000000a4e7cb30,0x00000000a8c80000)
 Metaspace       used 69754K, capacity 74458K, committed 74584K, reserved 1114112K
  class space    used 9493K, capacity 10762K, committed 10880K, reserved 1048576K
GC Heap History (10 events):
Event: 22.731 GC heap before
{Heap before GC invocations=17 (full 2):
 PSYoungGen      total 137216K, used 106881K [0x00000000e0000000, 0x00000000e9900000, 0x0000000100000000)
  eden space 123392K, 78% used [0x00000000e0000000,0x00000000e5e59b58,0x00000000e7880000)
  from space 13824K, 74% used [0x00000000e8680000,0x00000000e9086c68,0x00000000e9400000)
  to   space 14336K, 0% used [0x00000000e7880000,0x00000000e7880000,0x00000000e8680000)
 ParOldGen       total 90112K, used 31032K [0x00000000a0000000, 0x00000000a5800000, 0x00000000e0000000)
  object space 90112K, 34% used [0x00000000a0000000,0x00000000a1e4e230,0x00000000a5800000)
 Metaspace       used 56479K, capacity 58834K, committed 58968K, reserved 1099776K
  class space    used 7635K, capacity 8246K, committed 8320K, reserved 1048576K
Event: 22.759 GC heap after
Heap after GC invocations=17 (full 2):
 PSYoungGen      total 137728K, used 9030K [0x00000000e0000000, 0x00000000eb880000, 0x0000000100000000)
  eden space 123392K, 0% used [0x00000000e0000000,0x00000000e0000000,0x00000000e7880000)
  from space 14336K, 62% used [0x00000000e7880000,0x00000000e8151880,0x00000000e8680000)
  to   space 14336K, 0% used [0x00000000eaa80000,0x00000000eaa80000,0x00000000eb880000)
 ParOldGen       total 90112K, used 36194K [0x00000000a0000000, 0x00000000a5800000, 0x00000000e0000000)
  object space 90112K, 40% used [0x00000000a0000000,0x00000000a2358a60,0x00000000a5800000)
 Metaspace       used 56479K, capacity 58834K, committed 58968K, reserved 1099776K
  class space    used 7635K, capacity 8246K, committed 8320K, reserved 1048576K
}
Event: 22.759 GC heap before
{Heap before GC invocations=18 (full 3):
 PSYoungGen      total 137728K, used 9030K [0x00000000e0000000, 0x00000000eb880000, 0x0000000100000000)
  eden space 123392K, 0% used [0x00000000e0000000,0x00000000e0000000,0x00000000e7880000)
  from space 14336K, 62% used [0x00000000e7880000,0x00000000e8151880,0x00000000e8680000)
  to   space 14336K, 0% used [0x00000000eaa80000,0x00000000eaa80000,0x00000000eb880000)
 ParOldGen       total 90112K, used 36194K [0x00000000a0000000, 0x00000000a5800000, 0x00000000e0000000)
  object space 90112K, 40% used [0x00000000a0000000,0x00000000a2358a60,0x00000000a5800000)
 Metaspace       used 56479K, capacity 58834K, committed 58968K, reserved 1099776K
  class space    used 7635K, capacity 8246K, committed 8320K, reserved 1048576K
Event: 23.157 GC heap after
Heap after GC invocations=18 (full 3):
 PSYoungGen      total 137728K, used 0K [0x00000000e0000000, 0x00000000eb880000, 0x0000000100000000)
  eden space 123392K, 0% used [0x00000000e0000000,0x00000000e0000000,0x00000000e7880000)
  from space 14336K, 0% used [0x00000000e7880000,0x00000000e7880000,0x00000000e8680000)
  to   space 14336K, 0% used [0x00000000eaa80000,0x00000000eaa80000,0x00000000eb880000)
 ParOldGen       total 143872K, used 40540K [0x00000000a0000000, 0x00000000a8c80000, 0x00000000e0000000)
  object space 143872K, 28% used [0x00000000a0000000,0x00000000a27972c8,0x00000000a8c80000)
 Metaspace       used 56479K, capacity 58834K, committed 58968K, reserved 1099776K
  class space    used 7635K, capacity 8246K, committed 8320K, reserved 1048576K
}
Event: 25.652 GC heap before
{Heap before GC invocations=19 (full 3):
 PSYoungGen      total 137728K, used 123392K [0x00000000e0000000, 0x00000000eb880000, 0x0000000100000000)
  eden space 123392K, 100% used [0x00000000e0000000,0x00000000e7880000,0x00000000e7880000)
  from space 14336K, 0% used [0x00000000e7880000,0x00000000e7880000,0x00000000e8680000)
  to   space 14336K, 0% used [0x00000000eaa80000,0x00000000eaa80000,0x00000000eb880000)
 ParOldGen       total 143872K, used 40540K [0x00000000a0000000, 0x00000000a8c80000, 0x00000000e0000000)
  object space 143872K, 28% used [0x00000000a0000000,0x00000000a27972c8,0x00000000a8c80000)
 Metaspace       used 59830K, capacity 63002K, committed 63192K, reserved 1103872K
  class space    used 8113K, capacity 8921K, committed 8960K, reserved 1048576K
Event: 25.683 GC heap after
Heap after GC invocations=19 (full 3):
 PSYoungGen      total 162816K, used 14318K [0x00000000e0000000, 0x00000000eb880000, 0x0000000100000000)
  eden space 148480K, 0% used [0x00000000e0000000,0x00000000e0000000,0x00000000e9100000)
  from space 14336K, 99% used [0x00000000eaa80000,0x00000000eb87b8b0,0x00000000eb880000)
  to   space 16384K, 0% used [0x00000000e9880000,0x00000000e9880000,0x00000000ea880000)
 ParOldGen       total 143872K, used 41333K [0x00000000a0000000, 0x00000000a8c80000, 0x00000000e0000000)
  object space 143872K, 28% used [0x00000000a0000000,0x00000000a285d4f8,0x00000000a8c80000)
 Metaspace       used 59830K, capacity 63002K, committed 63192K, reserved 1103872K
  class space    used 8113K, capacity 8921K, committed 8960K, reserved 1048576K
}
Event: 28.959 GC heap before
{Heap before GC invocations=20 (full 3):
 PSYoungGen      total 162816K, used 162798K [0x00000000e0000000, 0x00000000eb880000, 0x0000000100000000)
  eden space 148480K, 100% used [0x00000000e0000000,0x00000000e9100000,0x00000000e9100000)
  from space 14336K, 99% used [0x00000000eaa80000,0x00000000eb87b8b0,0x00000000eb880000)
  to   space 16384K, 0% used [0x00000000e9880000,0x00000000e9880000,0x00000000ea880000)
 ParOldGen       total 143872K, used 41333K [0x00000000a0000000, 0x00000000a8c80000, 0x00000000e0000000)
  object space 143872K, 28% used [0x00000000a0000000,0x00000000a285d4f8,0x00000000a8c80000)
 Metaspace       used 61791K, capacity 66186K, committed 66520K, reserved 1105920K
  class space    used 8438K, capacity 9612K, committed 9728K, reserved 1048576K
Event: 29.035 GC heap after
Heap after GC invocations=20 (full 3):
 PSYoungGen      total 164864K, used 16352K [0x00000000e0000000, 0x00000000eb880000, 0x0000000100000000)
  eden space 148480K, 0% used [0x00000000e0000000,0x00000000e0000000,0x00000000e9100000)
  from space 16384K, 99% used [0x00000000e9880000,0x00000000ea878010,0x00000000ea880000)
  to   space 14336K, 0% used [0x00000000eaa80000,0x00000000eaa80000,0x00000000eb880000)
 ParOldGen       total 143872K, used 61079K [0x00000000a0000000, 0x00000000a8c80000, 0x00000000e0000000)
  object space 143872K, 42% used [0x00000000a0000000,0x00000000a3ba5c90,0x00000000a8c80000)
 Metaspace       used 61791K, capacity 66186K, committed 66520K, reserved 1105920K
  class space    used 8438K, capacity 9612K, committed 9728K, reserved 1048576K
}
Event: 69.027 GC heap before
{Heap before GC invocations=21 (full 3):
 PSYoungGen      total 164864K, used 164832K [0x00000000e0000000, 0x00000000eb880000, 0x0000000100000000)
  eden space 148480K, 100% used [0x00000000e0000000,0x00000000e9100000,0x00000000e9100000)
  from space 16384K, 99% used [0x00000000e9880000,0x00000000ea878010,0x00000000ea880000)
  to   space 14336K, 0% used [0x00000000eaa80000,0x00000000eaa80000,0x00000000eb880000)
 ParOldGen       total 143872K, used 61079K [0x00000000a0000000, 0x00000000a8c80000, 0x00000000e0000000)
  object space 143872K, 42% used [0x00000000a0000000,0x00000000a3ba5c90,0x00000000a8c80000)
 Metaspace       used 69637K, capacity 74396K, committed 74456K, reserved 1114112K
  class space    used 9481K, capacity 10723K, committed 10752K, reserved 1048576K
Event: 69.106 GC heap after
Heap after GC invocations=21 (full 3):
 PSYoungGen      total 162816K, used 14326K [0x00000000e0000000, 0x00000000eb880000, 0x0000000100000000)
  eden space 148480K, 0% used [0x00000000e0000000,0x00000000e0000000,0x00000000e9100000)
  from space 14336K, 99% used [0x00000000eaa80000,0x00000000eb87d960,0x00000000eb880000)
  to   space 16384K, 0% used [0x00000000e9880000,0x00000000e9880000,0x00000000ea880000)
 ParOldGen       total 143872K, used 80370K [0x00000000a0000000, 0x00000000a8c80000, 0x00000000e0000000)
  object space 143872K, 55% used [0x00000000a0000000,0x00000000a4e7cb30,0x00000000a8c80000)
 Metaspace       used 69637K, capacity 74396K, committed 74456K, reserved 1114112K
  class space    used 9481K, capacity 10723K, committed 10752K, reserved 1048576K
}

