# JRE version: OpenJDK Runtime Environment (8.0_242-b01) (build 1.8.0_242-release-1644-b01)
# Java VM: OpenJDK 64-Bit Server VM (25.242-b01 mixed mode windows-amd64 compressed oops)
Heap:
 PSYoungGen      total 186368K, used 175333K [0x00000000e0000000, 0x00000000ef580000, 0x0000000100000000)
  eden space 171008K, 93% used [0x00000000e0000000,0x00000000e9c3f410,0x00000000ea700000)
  from space 15360K, 99% used [0x00000000ea700000,0x00000000eb5fa028,0x00000000eb600000)
  to   space 18944K, 0% used [0x00000000ee300000,0x00000000ee300000,0x00000000ef580000)
 ParOldGen       total 95232K, used 21151K [0x00000000a0000000, 0x00000000a5d00000, 0x00000000e0000000)
  object space 95232K, 22% used [0x00000000a0000000,0x00000000a14a7e90,0x00000000a5d00000)
 Metaspace       used 55388K, capacity 57572K, committed 57816K, reserved 1099776K
  class space    used 7506K, capacity 8107K, committed 8192K, reserved 1048576K
GC Heap History (10 events):
Event: 11.424 GC heap before
{Heap before GC invocations=7 (full 1):
 PSYoungGen      total 70656K, used 65536K [0x00000000e0000000, 0x00000000e9900000, 0x0000000100000000)
  eden space 65536K, 100% used [0x00000000e0000000,0x00000000e4000000,0x00000000e4000000)
  from space 5120K, 0% used [0x00000000e4000000,0x00000000e4000000,0x00000000e4500000)
  to   space 12800K, 0% used [0x00000000e8c80000,0x00000000e8c80000,0x00000000e9900000)
 ParOldGen       total 62976K, used 11911K [0x00000000a0000000, 0x00000000a3d80000, 0x00000000e0000000)
  object space 62976K, 18% used [0x00000000a0000000,0x00000000a0ba1d40,0x00000000a3d80000)
 Metaspace       used 27910K, capacity 28306K, committed 28672K, reserved 1073152K
  class space    used 3793K, capacity 3975K, committed 4096K, reserved 1048576K
Event: 11.439 GC heap after
Heap after GC invocations=7 (full 1):
 PSYoungGen      total 114176K, used 8559K [0x00000000e0000000, 0x00000000e9500000, 0x0000000100000000)
  eden space 105472K, 0% used [0x00000000e0000000,0x00000000e0000000,0x00000000e6700000)
  from space 8704K, 98% used [0x00000000e8c80000,0x00000000e94dbcb0,0x00000000e9500000)
  to   space 12800K, 0% used [0x00000000e7c00000,0x00000000e7c00000,0x00000000e8880000)
 ParOldGen       total 62976K, used 11919K [0x00000000a0000000, 0x00000000a3d80000, 0x00000000e0000000)
  object space 62976K, 18% used [0x00000000a0000000,0x00000000a0ba3d40,0x00000000a3d80000)
 Metaspace       used 27910K, capacity 28306K, committed 28672K, reserved 1073152K
  class space    used 3793K, capacity 3975K, committed 4096K, reserved 1048576K
}
Event: 13.915 GC heap before
{Heap before GC invocations=8 (full 1):
 PSYoungGen      total 114176K, used 114031K [0x00000000e0000000, 0x00000000e9500000, 0x0000000100000000)
  eden space 105472K, 100% used [0x00000000e0000000,0x00000000e6700000,0x00000000e6700000)
  from space 8704K, 98% used [0x00000000e8c80000,0x00000000e94dbcb0,0x00000000e9500000)
  to   space 12800K, 0% used [0x00000000e7c00000,0x00000000e7c00000,0x00000000e8880000)
 ParOldGen       total 62976K, used 11919K [0x00000000a0000000, 0x00000000a3d80000, 0x00000000e0000000)
  object space 62976K, 18% used [0x00000000a0000000,0x00000000a0ba3d40,0x00000000a3d80000)
 Metaspace       used 33369K, capacity 33960K, committed 34304K, reserved 1079296K
  class space    used 4560K, capacity 4759K, committed 4864K, reserved 1048576K
Event: 13.952 GC heap after
Heap after GC invocations=8 (full 1):
 PSYoungGen      total 139776K, used 12350K [0x00000000e0000000, 0x00000000ec480000, 0x0000000100000000)
  eden space 126976K, 0% used [0x00000000e0000000,0x00000000e0000000,0x00000000e7c00000)
  from space 12800K, 96% used [0x00000000e7c00000,0x00000000e880f818,0x00000000e8880000)
  to   space 14848K, 0% used [0x00000000eb600000,0x00000000eb600000,0x00000000ec480000)
 ParOldGen       total 62976K, used 11927K [0x00000000a0000000, 0x00000000a3d80000, 0x00000000e0000000)
  object space 62976K, 18% used [0x00000000a0000000,0x00000000a0ba5d40,0x00000000a3d80000)
 Metaspace       used 33369K, capacity 33960K, committed 34304K, reserved 1079296K
  class space    used 4560K, capacity 4759K, committed 4864K, reserved 1048576K
}
Event: 15.370 GC heap before
{Heap before GC invocations=9 (full 1):
 PSYoungGen      total 139776K, used 51559K [0x00000000e0000000, 0x00000000ec480000, 0x0000000100000000)
  eden space 126976K, 30% used [0x00000000e0000000,0x00000000e264a578,0x00000000e7c00000)
  from space 12800K, 96% used [0x00000000e7c00000,0x00000000e880f818,0x00000000e8880000)
  to   space 14848K, 0% used [0x00000000eb600000,0x00000000eb600000,0x00000000ec480000)
 ParOldGen       total 62976K, used 11927K [0x00000000a0000000, 0x00000000a3d80000, 0x00000000e0000000)
  object space 62976K, 18% used [0x00000000a0000000,0x00000000a0ba5d40,0x00000000a3d80000)
 Metaspace       used 34515K, capacity 35362K, committed 35416K, reserved 1079296K
  class space    used 4724K, capacity 4967K, committed 4992K, reserved 1048576K
Event: 15.384 GC heap after
Heap after GC invocations=9 (full 1):
 PSYoungGen      total 185856K, used 10785K [0x00000000e0000000, 0x00000000ee600000, 0x0000000100000000)
  eden space 171008K, 0% used [0x00000000e0000000,0x00000000e0000000,0x00000000ea700000)
  from space 14848K, 72% used [0x00000000eb600000,0x00000000ec0886e8,0x00000000ec480000)
  to   space 15360K, 0% used [0x00000000ea700000,0x00000000ea700000,0x00000000eb600000)
 ParOldGen       total 62976K, used 11935K [0x00000000a0000000, 0x00000000a3d80000, 0x00000000e0000000)
  object space 62976K, 18% used [0x00000000a0000000,0x00000000a0ba7d40,0x00000000a3d80000)
 Metaspace       used 34515K, capacity 35362K, committed 35416K, reserved 1079296K
  class space    used 4724K, capacity 4967K, committed 4992K, reserved 1048576K
}
Event: 15.384 GC heap before
{Heap before GC invocations=10 (full 2):
 PSYoungGen      total 185856K, used 10785K [0x00000000e0000000, 0x00000000ee600000, 0x0000000100000000)
  eden space 171008K, 0% used [0x00000000e0000000,0x00000000e0000000,0x00000000ea700000)
  from space 14848K, 72% used [0x00000000eb600000,0x00000000ec0886e8,0x00000000ec480000)
  to   space 15360K, 0% used [0x00000000ea700000,0x00000000ea700000,0x00000000eb600000)
 ParOldGen       total 62976K, used 11935K [0x00000000a0000000, 0x00000000a3d80000, 0x00000000e0000000)
  object space 62976K, 18% used [0x00000000a0000000,0x00000000a0ba7d40,0x00000000a3d80000)
 Metaspace       used 34515K, capacity 35362K, committed 35416K, reserved 1079296K
  class space    used 4724K, capacity 4967K, committed 4992K, reserved 1048576K
Event: 15.567 GC heap after
Heap after GC invocations=10 (full 2):
 PSYoungGen      total 185856K, used 0K [0x00000000e0000000, 0x00000000ee600000, 0x0000000100000000)
  eden space 171008K, 0% used [0x00000000e0000000,0x00000000e0000000,0x00000000ea700000)
  from space 14848K, 0% used [0x00000000eb600000,0x00000000eb600000,0x00000000ec480000)
  to   space 15360K, 0% used [0x00000000ea700000,0x00000000ea700000,0x00000000eb600000)
 ParOldGen       total 95232K, used 17584K [0x00000000a0000000, 0x00000000a5d00000, 0x00000000e0000000)
  object space 95232K, 18% used [0x00000000a0000000,0x00000000a112c1b0,0x00000000a5d00000)
 Metaspace       used 34515K, capacity 35362K, committed 35416K, reserved 1079296K
  class space    used 4724K, capacity 4967K, committed 4992K, reserved 1048576K
}
Event: 20.605 GC heap before
{Heap before GC invocations=11 (full 2):
 PSYoungGen      total 185856K, used 171008K [0x00000000e0000000, 0x00000000ee600000, 0x0000000100000000)
  eden space 171008K, 100% used [0x00000000e0000000,0x00000000ea700000,0x00000000ea700000)
  from space 14848K, 0% used [0x00000000eb600000,0x00000000eb600000,0x00000000ec480000)
  to   space 15360K, 0% used [0x00000000ea700000,0x00000000ea700000,0x00000000eb600000)
 ParOldGen       total 95232K, used 17584K [0x00000000a0000000, 0x00000000a5d00000, 0x00000000e0000000)
  object space 95232K, 18% used [0x00000000a0000000,0x00000000a112c1b0,0x00000000a5d00000)
 Metaspace       used 46844K, capacity 48222K, committed 48344K, reserved 1091584K
  class space    used 6259K, capacity 6617K, committed 6656K, reserved 1048576K
Event: 20.679 GC heap after
Heap after GC invocations=11 (full 2):
 PSYoungGen      total 186368K, used 15336K [0x00000000e0000000, 0x00000000ef580000, 0x0000000100000000)
  eden space 171008K, 0% used [0x00000000e0000000,0x00000000e0000000,0x00000000ea700000)
  from space 15360K, 99% used [0x00000000ea700000,0x00000000eb5fa028,0x00000000eb600000)
  to   space 18944K, 0% used [0x00000000ee300000,0x00000000ee300000,0x00000000ef580000)
 ParOldGen       total 95232K, used 21151K [0x00000000a0000000, 0x00000000a5d00000, 0x00000000e0000000)
  object space 95232K, 22% used [0x00000000a0000000,0x00000000a14a7e90,0x00000000a5d00000)
 Metaspace       used 46844K, capacity 48222K, committed 48344K, reserved 1091584K
  class space    used 6259K, capacity 6617K, committed 6656K, reserved 1048576K
}

