# JRE version: OpenJDK Runtime Environment (8.0_242-b01) (build 1.8.0_242-release-1644-b01)
# Java VM: OpenJDK 64-Bit Server VM (25.242-b01 mixed mode windows-amd64 compressed oops)
Heap:
 PSYoungGen      total 399872K, used 254151K [0x00000000e0000000, 0x00000000feb80000, 0x0000000100000000)
  eden space 345088K, 64% used [0x00000000e0000000,0x00000000eda2bea8,0x00000000f5100000)
  from space 54784K, 56% used [0x00000000f5100000,0x00000000f6f05da8,0x00000000f8680000)
  to   space 54784K, 0% used [0x00000000fb600000,0x00000000fb600000,0x00000000feb80000)
 ParOldGen       total 288768K, used 168869K [0x00000000a0000000, 0x00000000b1a00000, 0x00000000e0000000)
  object space 288768K, 58% used [0x00000000a0000000,0x00000000aa4e9430,0x00000000b1a00000)
 Metaspace       used 96488K, capacity 102954K, committed 103384K, reserved 1140736K
  class space    used 12713K, capacity 14222K, committed 14336K, reserved 1048576K
GC Heap History (10 events):
Event: 118.029 GC heap before
{Heap before GC invocations=21 (full 4):
 PSYoungGen      total 299520K, used 36839K [0x00000000e0000000, 0x00000000f8300000, 0x0000000100000000)
  eden space 262656K, 0% used [0x00000000e0000000,0x00000000e0000000,0x00000000f0080000)
  from space 36864K, 99% used [0x00000000f0080000,0x00000000f2479d48,0x00000000f2480000)
  to   space 45056K, 0% used [0x00000000f5700000,0x00000000f5700000,0x00000000f8300000)
 ParOldGen       total 141824K, used 120507K [0x00000000a0000000, 0x00000000a8a80000, 0x00000000e0000000)
  object space 141824K, 84% used [0x00000000a0000000,0x00000000a75aed20,0x00000000a8a80000)
 Metaspace       used 76060K, capacity 81726K, committed 82008K, reserved 1120256K
  class space    used 10252K, capacity 11610K, committed 11648K, reserved 1048576K
Event: 118.988 GC heap after
Heap after GC invocations=21 (full 4):
 PSYoungGen      total 299520K, used 3553K [0x00000000e0000000, 0x00000000f8300000, 0x0000000100000000)
  eden space 262656K, 0% used [0x00000000e0000000,0x00000000e0000000,0x00000000f0080000)
  from space 36864K, 9% used [0x00000000f0080000,0x00000000f03f8448,0x00000000f2480000)
  to   space 45056K, 0% used [0x00000000f5700000,0x00000000f5700000,0x00000000f8300000)
 ParOldGen       total 288768K, used 141375K [0x00000000a0000000, 0x00000000b1a00000, 0x00000000e0000000)
  object space 288768K, 48% used [0x00000000a0000000,0x00000000a8a0fd38,0x00000000b1a00000)
 Metaspace       used 76000K, capacity 81550K, committed 82008K, reserved 1120256K
  class space    used 10232K, capacity 11576K, committed 11648K, reserved 1048576K
}
Event: 125.641 GC heap before
{Heap before GC invocations=22 (full 4):
 PSYoungGen      total 299520K, used 266209K [0x00000000e0000000, 0x00000000f8300000, 0x0000000100000000)
  eden space 262656K, 100% used [0x00000000e0000000,0x00000000f0080000,0x00000000f0080000)
  from space 36864K, 9% used [0x00000000f0080000,0x00000000f03f8448,0x00000000f2480000)
  to   space 45056K, 0% used [0x00000000f5700000,0x00000000f5700000,0x00000000f8300000)
 ParOldGen       total 288768K, used 141375K [0x00000000a0000000, 0x00000000b1a00000, 0x00000000e0000000)
  object space 288768K, 48% used [0x00000000a0000000,0x00000000a8a0fd38,0x00000000b1a00000)
 Metaspace       used 78132K, capacity 83924K, committed 84056K, reserved 1122304K
  class space    used 10452K, capacity 11827K, committed 11904K, reserved 1048576K
Event: 125.723 GC heap after
Heap after GC invocations=22 (full 4):
 PSYoungGen      total 351744K, used 11354K [0x00000000e0000000, 0x00000000f8200000, 0x0000000100000000)
  eden space 307712K, 0% used [0x00000000e0000000,0x00000000e0000000,0x00000000f2c80000)
  from space 44032K, 25% used [0x00000000f5700000,0x00000000f6216a28,0x00000000f8200000)
  to   space 43520K, 0% used [0x00000000f2c80000,0x00000000f2c80000,0x00000000f5700000)
 ParOldGen       total 288768K, used 144963K [0x00000000a0000000, 0x00000000b1a00000, 0x00000000e0000000)
  object space 288768K, 50% used [0x00000000a0000000,0x00000000a8d90f70,0x00000000b1a00000)
 Metaspace       used 78132K, capacity 83924K, committed 84056K, reserved 1122304K
  class space    used 10452K, capacity 11827K, committed 11904K, reserved 1048576K
}
Event: 133.844 GC heap before
{Heap before GC invocations=23 (full 4):
 PSYoungGen      total 351744K, used 319066K [0x00000000e0000000, 0x00000000f8200000, 0x0000000100000000)
  eden space 307712K, 100% used [0x00000000e0000000,0x00000000f2c80000,0x00000000f2c80000)
  from space 44032K, 25% used [0x00000000f5700000,0x00000000f6216a28,0x00000000f8200000)
  to   space 43520K, 0% used [0x00000000f2c80000,0x00000000f2c80000,0x00000000f5700000)
 ParOldGen       total 288768K, used 144963K [0x00000000a0000000, 0x00000000b1a00000, 0x00000000e0000000)
  object space 288768K, 50% used [0x00000000a0000000,0x00000000a8d90f70,0x00000000b1a00000)
 Metaspace       used 86270K, capacity 92108K, committed 92120K, reserved 1128448K
  class space    used 11411K, capacity 12793K, committed 12800K, reserved 1048576K
Event: 133.880 GC heap after
Heap after GC invocations=23 (full 4):
 PSYoungGen      total 351232K, used 25575K [0x00000000e0000000, 0x00000000fb180000, 0x0000000100000000)
  eden space 307712K, 0% used [0x00000000e0000000,0x00000000e0000000,0x00000000f2c80000)
  from space 43520K, 58% used [0x00000000f2c80000,0x00000000f4579dc0,0x00000000f5700000)
  to   space 44032K, 0% used [0x00000000f8680000,0x00000000f8680000,0x00000000fb180000)
 ParOldGen       total 288768K, used 144979K [0x00000000a0000000, 0x00000000b1a00000, 0x00000000e0000000)
  object space 288768K, 50% used [0x00000000a0000000,0x00000000a8d94f70,0x00000000b1a00000)
 Metaspace       used 86270K, capacity 92108K, committed 92120K, reserved 1128448K
  class space    used 11411K, capacity 12793K, committed 12800K, reserved 1048576K
}
Event: 151.362 GC heap before
{Heap before GC invocations=24 (full 4):
 PSYoungGen      total 351232K, used 333287K [0x00000000e0000000, 0x00000000fb180000, 0x0000000100000000)
  eden space 307712K, 100% used [0x00000000e0000000,0x00000000f2c80000,0x00000000f2c80000)
  from space 43520K, 58% used [0x00000000f2c80000,0x00000000f4579dc0,0x00000000f5700000)
  to   space 44032K, 0% used [0x00000000f8680000,0x00000000f8680000,0x00000000fb180000)
 ParOldGen       total 288768K, used 144979K [0x00000000a0000000, 0x00000000b1a00000, 0x00000000e0000000)
  object space 288768K, 50% used [0x00000000a0000000,0x00000000a8d94f70,0x00000000b1a00000)
 Metaspace       used 91032K, capacity 97118K, committed 97368K, reserved 1132544K
  class space    used 11981K, capacity 13424K, committed 13440K, reserved 1048576K
Event: 151.494 GC heap after
Heap after GC invocations=24 (full 4):
 PSYoungGen      total 389120K, used 44011K [0x00000000e0000000, 0x00000000fc400000, 0x0000000100000000)
  eden space 345088K, 0% used [0x00000000e0000000,0x00000000e0000000,0x00000000f5100000)
  from space 44032K, 99% used [0x00000000f8680000,0x00000000fb17afb8,0x00000000fb180000)
  to   space 54784K, 0% used [0x00000000f5100000,0x00000000f5100000,0x00000000f8680000)
 ParOldGen       total 288768K, used 155929K [0x00000000a0000000, 0x00000000b1a00000, 0x00000000e0000000)
  object space 288768K, 53% used [0x00000000a0000000,0x00000000a9846488,0x00000000b1a00000)
 Metaspace       used 91032K, capacity 97118K, committed 97368K, reserved 1132544K
  class space    used 11981K, capacity 13424K, committed 13440K, reserved 1048576K
}
Event: 163.281 GC heap before
{Heap before GC invocations=25 (full 4):
 PSYoungGen      total 389120K, used 389099K [0x00000000e0000000, 0x00000000fc400000, 0x0000000100000000)
  eden space 345088K, 100% used [0x00000000e0000000,0x00000000f5100000,0x00000000f5100000)
  from space 44032K, 99% used [0x00000000f8680000,0x00000000fb17afb8,0x00000000fb180000)
  to   space 54784K, 0% used [0x00000000f5100000,0x00000000f5100000,0x00000000f8680000)
 ParOldGen       total 288768K, used 155929K [0x00000000a0000000, 0x00000000b1a00000, 0x00000000e0000000)
  object space 288768K, 53% used [0x00000000a0000000,0x00000000a9846488,0x00000000b1a00000)
 Metaspace       used 92644K, capacity 98960K, committed 99160K, reserved 1134592K
  class space    used 12169K, capacity 13623K, committed 13696K, reserved 1048576K
Event: 163.364 GC heap after
Heap after GC invocations=25 (full 4):
 PSYoungGen      total 399872K, used 30743K [0x00000000e0000000, 0x00000000feb80000, 0x0000000100000000)
  eden space 345088K, 0% used [0x00000000e0000000,0x00000000e0000000,0x00000000f5100000)
  from space 54784K, 56% used [0x00000000f5100000,0x00000000f6f05da8,0x00000000f8680000)
  to   space 54784K, 0% used [0x00000000fb600000,0x00000000fb600000,0x00000000feb80000)
 ParOldGen       total 288768K, used 168869K [0x00000000a0000000, 0x00000000b1a00000, 0x00000000e0000000)
  object space 288768K, 58% used [0x00000000a0000000,0x00000000aa4e9430,0x00000000b1a00000)
 Metaspace       used 92644K, capacity 98960K, committed 99160K, reserved 1134592K
  class space    used 12169K, capacity 13623K, committed 13696K, reserved 1048576K
}

