# JRE version: OpenJDK Runtime Environment (8.0_242-b01) (build 1.8.0_242-release-1644-b01)
# Java VM: OpenJDK 64-Bit Server VM (25.242-b01 mixed mode windows-amd64 compressed oops)
Heap:
 PSYoungGen      total 198144K, used 198112K [0x00000000e0000000, 0x00000000ef180000, 0x0000000100000000)
  eden space 181248K, 100% used [0x00000000e0000000,0x00000000eb100000,0x00000000eb100000)
  from space 16896K, 99% used [0x00000000eb100000,0x00000000ec178010,0x00000000ec180000)
  to   space 27648K, 68% used [0x00000000ed680000,0x00000000ee914858,0x00000000ef180000)
 ParOldGen       total 138752K, used 81878K [0x00000000a0000000, 0x00000000a8780000, 0x00000000e0000000)
  object space 138752K, 59% used [0x00000000a0000000,0x00000000a4ff5b50,0x00000000a8780000)
 Metaspace       used 70150K, capacity 74978K, committed 75176K, reserved 1114112K
  class space    used 9522K, capacity 10802K, committed 10920K, reserved 1048576K
GC Heap History (10 events):
Event: 17.702 GC heap after
Heap after GC invocations=16 (full 2):
 PSYoungGen      total 147456K, used 10160K [0x00000000e0000000, 0x00000000ea180000, 0x0000000100000000)
  eden space 133632K, 0% used [0x00000000e0000000,0x00000000e0000000,0x00000000e8280000)
  from space 13824K, 73% used [0x00000000e9080000,0x00000000e9a6c360,0x00000000e9e00000)
  to   space 14336K, 0% used [0x00000000e8280000,0x00000000e8280000,0x00000000e9080000)
 ParOldGen       total 90112K, used 27956K [0x00000000a0000000, 0x00000000a5800000, 0x00000000e0000000)
  object space 90112K, 31% used [0x00000000a0000000,0x00000000a1b4d0e0,0x00000000a5800000)
 Metaspace       used 53396K, capacity 55326K, committed 55464K, reserved 1097728K
  class space    used 7273K, capacity 7817K, committed 7848K, reserved 1048576K
}
Event: 21.147 GC heap before
{Heap before GC invocations=17 (full 2):
 PSYoungGen      total 147456K, used 105892K [0x00000000e0000000, 0x00000000ea180000, 0x0000000100000000)
  eden space 133632K, 71% used [0x00000000e0000000,0x00000000e5d7cd50,0x00000000e8280000)
  from space 13824K, 73% used [0x00000000e9080000,0x00000000e9a6c360,0x00000000e9e00000)
  to   space 14336K, 0% used [0x00000000e8280000,0x00000000e8280000,0x00000000e9080000)
 ParOldGen       total 90112K, used 27956K [0x00000000a0000000, 0x00000000a5800000, 0x00000000e0000000)
  object space 90112K, 31% used [0x00000000a0000000,0x00000000a1b4d0e0,0x00000000a5800000)
 Metaspace       used 56666K, capacity 58994K, committed 59160K, reserved 1099776K
  class space    used 7641K, capacity 8249K, committed 8360K, reserved 1048576K
Event: 21.229 GC heap after
Heap after GC invocations=17 (full 2):
 PSYoungGen      total 147968K, used 9140K [0x00000000e0000000, 0x00000000ed200000, 0x0000000100000000)
  eden space 133632K, 0% used [0x00000000e0000000,0x00000000e0000000,0x00000000e8280000)
  from space 14336K, 63% used [0x00000000e8280000,0x00000000e8b6d180,0x00000000e9080000)
  to   space 14336K, 0% used [0x00000000ec400000,0x00000000ec400000,0x00000000ed200000)
 ParOldGen       total 90112K, used 32986K [0x00000000a0000000, 0x00000000a5800000, 0x00000000e0000000)
  object space 90112K, 36% used [0x00000000a0000000,0x00000000a2036900,0x00000000a5800000)
 Metaspace       used 56666K, capacity 58994K, committed 59160K, reserved 1099776K
  class space    used 7641K, capacity 8249K, committed 8360K, reserved 1048576K
}
Event: 21.229 GC heap before
{Heap before GC invocations=18 (full 3):
 PSYoungGen      total 147968K, used 9140K [0x00000000e0000000, 0x00000000ed200000, 0x0000000100000000)
  eden space 133632K, 0% used [0x00000000e0000000,0x00000000e0000000,0x00000000e8280000)
  from space 14336K, 63% used [0x00000000e8280000,0x00000000e8b6d180,0x00000000e9080000)
  to   space 14336K, 0% used [0x00000000ec400000,0x00000000ec400000,0x00000000ed200000)
 ParOldGen       total 90112K, used 32986K [0x00000000a0000000, 0x00000000a5800000, 0x00000000e0000000)
  object space 90112K, 36% used [0x00000000a0000000,0x00000000a2036900,0x00000000a5800000)
 Metaspace       used 56666K, capacity 58994K, committed 59160K, reserved 1099776K
  class space    used 7641K, capacity 8249K, committed 8360K, reserved 1048576K
Event: 21.714 GC heap after
Heap after GC invocations=18 (full 3):
 PSYoungGen      total 147968K, used 0K [0x00000000e0000000, 0x00000000ed200000, 0x0000000100000000)
  eden space 133632K, 0% used [0x00000000e0000000,0x00000000e0000000,0x00000000e8280000)
  from space 14336K, 0% used [0x00000000e8280000,0x00000000e8280000,0x00000000e9080000)
  to   space 14336K, 0% used [0x00000000ec400000,0x00000000ec400000,0x00000000ed200000)
 ParOldGen       total 138752K, used 40492K [0x00000000a0000000, 0x00000000a8780000, 0x00000000e0000000)
  object space 138752K, 29% used [0x00000000a0000000,0x00000000a278b168,0x00000000a8780000)
 Metaspace       used 56666K, capacity 58994K, committed 59160K, reserved 1099776K
  class space    used 7641K, capacity 8249K, committed 8360K, reserved 1048576K
}
Event: 25.810 GC heap before
{Heap before GC invocations=19 (full 3):
 PSYoungGen      total 147968K, used 133632K [0x00000000e0000000, 0x00000000ed200000, 0x0000000100000000)
  eden space 133632K, 100% used [0x00000000e0000000,0x00000000e8280000,0x00000000e8280000)
  from space 14336K, 0% used [0x00000000e8280000,0x00000000e8280000,0x00000000e9080000)
  to   space 14336K, 0% used [0x00000000ec400000,0x00000000ec400000,0x00000000ed200000)
 ParOldGen       total 138752K, used 40492K [0x00000000a0000000, 0x00000000a8780000, 0x00000000e0000000)
  object space 138752K, 29% used [0x00000000a0000000,0x00000000a278b168,0x00000000a8780000)
 Metaspace       used 60065K, capacity 63320K, committed 63528K, reserved 1103872K
  class space    used 8142K, capacity 8964K, committed 9000K, reserved 1048576K
Event: 25.834 GC heap after
Heap after GC invocations=19 (full 3):
 PSYoungGen      total 180224K, used 14304K [0x00000000e0000000, 0x00000000ed200000, 0x0000000100000000)
  eden space 165888K, 0% used [0x00000000e0000000,0x00000000e0000000,0x00000000ea200000)
  from space 14336K, 99% used [0x00000000ec400000,0x00000000ed1f8020,0x00000000ed200000)
  to   space 16896K, 0% used [0x00000000eb100000,0x00000000eb100000,0x00000000ec180000)
 ParOldGen       total 138752K, used 42912K [0x00000000a0000000, 0x00000000a8780000, 0x00000000e0000000)
  object space 138752K, 30% used [0x00000000a0000000,0x00000000a29e8160,0x00000000a8780000)
 Metaspace       used 60065K, capacity 63320K, committed 63528K, reserved 1103872K
  class space    used 8142K, capacity 8964K, committed 9000K, reserved 1048576K
}
Event: 30.736 GC heap before
{Heap before GC invocations=20 (full 3):
 PSYoungGen      total 180224K, used 180192K [0x00000000e0000000, 0x00000000ed200000, 0x0000000100000000)
  eden space 165888K, 100% used [0x00000000e0000000,0x00000000ea200000,0x00000000ea200000)
  from space 14336K, 99% used [0x00000000ec400000,0x00000000ed1f8020,0x00000000ed200000)
  to   space 16896K, 0% used [0x00000000eb100000,0x00000000eb100000,0x00000000ec180000)
 ParOldGen       total 138752K, used 42912K [0x00000000a0000000, 0x00000000a8780000, 0x00000000e0000000)
  object space 138752K, 30% used [0x00000000a0000000,0x00000000a29e8160,0x00000000a8780000)
 Metaspace       used 62468K, capacity 67054K, committed 67112K, reserved 1105920K
  class space    used 8531K, capacity 9762K, committed 9768K, reserved 1048576K
Event: 30.800 GC heap after
Heap after GC invocations=20 (full 3):
 PSYoungGen      total 198144K, used 16864K [0x00000000e0000000, 0x00000000ef180000, 0x0000000100000000)
  eden space 181248K, 0% used [0x00000000e0000000,0x00000000e0000000,0x00000000eb100000)
  from space 16896K, 99% used [0x00000000eb100000,0x00000000ec178010,0x00000000ec180000)
  to   space 27648K, 0% used [0x00000000ed680000,0x00000000ed680000,0x00000000ef180000)
 ParOldGen       total 138752K, used 65043K [0x00000000a0000000, 0x00000000a8780000, 0x00000000e0000000)
  object space 138752K, 46% used [0x00000000a0000000,0x00000000a3f84d40,0x00000000a8780000)
 Metaspace       used 62468K, capacity 67054K, committed 67112K, reserved 1105920K
  class space    used 8531K, capacity 9762K, committed 9768K, reserved 1048576K
}
Event: 78.970 GC heap before
{Heap before GC invocations=21 (full 3):
 PSYoungGen      total 198144K, used 198112K [0x00000000e0000000, 0x00000000ef180000, 0x0000000100000000)
  eden space 181248K, 100% used [0x00000000e0000000,0x00000000eb100000,0x00000000eb100000)
  from space 16896K, 99% used [0x00000000eb100000,0x00000000ec178010,0x00000000ec180000)
  to   space 27648K, 0% used [0x00000000ed680000,0x00000000ed680000,0x00000000ef180000)
 ParOldGen       total 138752K, used 65043K [0x00000000a0000000, 0x00000000a8780000, 0x00000000e0000000)
  object space 138752K, 46% used [0x00000000a0000000,0x00000000a3f84d40,0x00000000a8780000)
 Metaspace       used 70150K, capacity 74978K, committed 75176K, reserved 1114112K
  class space    used 9522K, capacity 10802K, committed 10920K, reserved 1048576K

